 0.366    2.617 mA
 0.483    2.617 mA
 0.766    2.617 mA
 0.883    2.617 mA
 1.166    2.617 mA
 1.282    2.617 mA
 1.565    2.617 mA
 1.682    2.617 mA
 1.965    2.616 mA
 2.081    2.616 mA
 2.364    2.617 mA
 2.481    2.617 mA
 2.764    2.617 mA
 2.881    2.617 mA
 3.164    2.617 mA
 3.280    2.617 mA
 3.563    2.617 mA
 3.680    2.617 mA
 3.963    2.616 mA
 4.079    2.616 mA
 4.362    2.616 mA
 4.479    2.616 mA
 4.762    2.617 mA
 4.879    2.617 mA
 5.178    2.617 mA
 5.295    2.617 mA
 5.661    5.105 mA
 5.778    5.105 mA
 6.061    5.105 mA
 6.177    5.105 mA
 6.460    5.106 mA
 6.577    5.106 mA
 6.860    5.106 mA
 6.977    5.106 mA
 7.259    5.106 mA
 7.376    5.106 mA
 7.659    5.106 mA
 7.776    5.106 mA
 8.059    5.106 mA
 8.175    5.106 mA
 8.458    5.107 mA
 8.575    5.107 mA
 8.858    5.107 mA
 8.974    5.107 mA
 9.258    5.106 mA
 9.374    5.106 mA
 9.657    5.106 mA
 9.774    5.106 mA
10.057    5.107 mA
10.173    5.107 mA
10.456    5.107 mA
10.573    5.107 mA
10.856    5.106 mA
10.972    5.106 mA
11.255    5.106 mA
11.372    5.106 mA
11.655    5.107 mA
11.772    5.107 mA
12.055    5.107 mA
12.188    5.107 mA
12.454    5.107 mA
12.587    5.107 mA
12.870    5.106 mA
12.987    5.106 mA
13.270    5.107 mA
13.403    5.107 mA
13.869    4.020 mA
13.986    4.020 mA
14.269    4.020 mA
14.386    4.020 mA
14.669    4.020 mA
14.785    4.020 mA
15.068    4.020 mA
15.185    4.020 mA
15.468    4.020 mA
15.584    4.020 mA
15.868    4.020 mA
15.984    4.020 mA
16.267    4.020 mA
16.384    4.020 mA
16.667    4.020 mA
16.783    4.020 mA
17.066    4.021 mA
17.183    4.021 mA
17.466    4.020 mA
17.582    4.020 mA
17.849    4.020 mA
17.965    4.020 mA
18.248    4.020 mA
18.365    4.020 mA
18.648    4.020 mA
18.781    4.020 mA
19.048    4.020 mA
19.181    4.020 mA
19.464    4.019 mA
19.580    4.019 mA
19.863    4.019 mA
19.980    4.019 mA
20.263    4.020 mA
20.380    4.020 mA
20.663    4.020 mA
20.779    4.020 mA
21.062    4.020 mA
21.179    4.020 mA
21.462    4.020 mA
21.578    4.020 mA
21.861    4.020 mA
21.978    4.020 mA
22.261    4.020 mA
22.378    4.020 mA
22.661    4.020 mA
22.777    4.020 mA
23.060    4.020 mA
23.177    4.020 mA
23.460    4.020 mA
23.576    4.020 mA
23.860    4.020 mA
23.976    4.020 mA
24.259    4.020 mA
24.376    4.020 mA
24.659    4.020 mA
24.775    4.020 mA
25.058    4.019 mA
