 0.000    2.459 mA
 0.383    2.459 mA
 0.666    2.459 mA
 0.783    2.459 mA
 1.066    2.459 mA
 1.182    2.459 mA
 1.465    2.459 mA
 1.582    2.459 mA
 1.865    2.458 mA
 1.982    2.458 mA
 2.265    2.458 mA
 2.381    2.458 mA
 2.664    2.459 mA
 2.781    2.459 mA
 3.064    2.459 mA
 3.180    2.459 mA
 3.463    2.459 mA
 3.580    2.459 mA
 3.863    2.459 mA
 3.980    2.459 mA
 4.263    2.459 mA
 4.379    2.459 mA
 4.662    2.459 mA
 4.779    2.459 mA
 5.062    2.459 mA
 5.195    2.459 mA
 5.661    6.488 mA
 5.778    6.488 mA
 6.061    6.495 mA
 6.177    6.495 mA
 6.460    6.499 mA
 6.577    6.499 mA
 6.860    6.504 mA
 6.976    6.504 mA
 7.260    6.513 mA
 7.376    6.513 mA
 7.659    6.509 mA
 7.776    6.509 mA
 8.059    6.503 mA
 8.175    6.503 mA
 8.458    6.509 mA
 8.575    6.509 mA
 8.858    6.516 mA
 8.975    6.516 mA
 9.258    6.523 mA
 9.374    6.523 mA
 9.657    6.515 mA
 9.774    6.515 mA
10.057    6.505 mA
10.173    6.505 mA
10.456    6.510 mA
10.573    6.510 mA
10.856    6.516 mA
10.972    6.516 mA
11.255    6.521 mA
11.372    6.521 mA
11.655    6.518 mA
11.772    6.518 mA
12.055    6.514 mA
12.171    6.514 mA
12.454    6.521 mA
12.571    6.521 mA
12.854    6.526 mA
12.970    6.526 mA
13.254    6.530 mA
13.370    6.530 mA
13.670    6.526 mA
13.786    6.526 mA
14.153    4.851 mA
14.269    4.851 mA
14.552    4.851 mA
14.669    4.851 mA
14.952    4.852 mA
15.068    4.852 mA
15.351    4.852 mA
15.468    4.852 mA
15.751    4.851 mA
15.868    4.851 mA
16.151    4.852 mA
16.267    4.852 mA
16.550    4.852 mA
16.667    4.852 mA
16.950    4.851 mA
17.066    4.851 mA
17.349    4.851 mA
17.466    4.851 mA
17.749    4.851 mA
17.866    4.851 mA
18.149    4.851 mA
18.265    4.851 mA
18.548    4.852 mA
18.665    4.852 mA
18.948    4.852 mA
19.064    4.852 mA
19.347    4.852 mA
19.464    4.852 mA
19.747    4.851 mA
19.864    4.851 mA
20.147    4.852 mA
20.263    4.852 mA
20.546    4.852 mA
20.679    4.852 mA
20.946    4.852 mA
21.079    4.852 mA
21.362    4.852 mA
21.479    4.852 mA
21.762    4.852 mA
21.878    4.852 mA
22.161    4.852 mA
22.278    4.852 mA
22.561    4.852 mA
22.677    4.852 mA
22.960    4.852 mA
23.077    4.852 mA
23.360    4.852 mA
23.477    4.852 mA
23.760    4.852 mA
23.876    4.852 mA
24.159    4.853 mA
24.276    4.853 mA
24.559    4.852 mA
24.675    4.852 mA
24.942    4.852 mA
25.075    4.852 mA
