 0.283    2.803 mA
 0.400    2.803 mA
 0.683    2.803 mA
 0.799    2.803 mA
 1.082    2.803 mA
 1.199    2.803 mA
 1.482    2.803 mA
 1.615    2.803 mA
 1.898    2.803 mA
 2.015    2.803 mA
 2.298    2.802 mA
 2.414    2.802 mA
 2.697    2.803 mA
 2.814    2.803 mA
 3.097    2.803 mA
 3.214    2.803 mA
 3.497    2.803 mA
 3.613    2.803 mA
 3.896    2.803 mA
 4.013    2.803 mA
 4.296    2.803 mA
 4.412    2.803 mA
 4.679    2.802 mA
 4.795    2.802 mA
 5.078    2.803 mA
 5.212    2.803 mA
 5.678    7.400 mA
 5.794    7.400 mA
 6.077    7.400 mA
 6.194    7.400 mA
 6.477    7.401 mA
 6.593    7.401 mA
 6.877    7.402 mA
 6.993    7.402 mA
 7.276    7.403 mA
 7.393    7.403 mA
 7.659    7.403 mA
 7.792    7.403 mA
 8.075    7.403 mA
 8.192    7.403 mA
 8.475    7.403 mA
 8.591    7.403 mA
 8.874    7.403 mA
 8.991    7.403 mA
 9.191    6.852 mA
 9.307    6.852 mA
 9.590    6.852 mA
 9.707    6.852 mA
 9.990    6.852 mA
10.107    6.852 mA
10.390    6.852 mA
10.506    6.852 mA
10.789    6.853 mA
10.906    6.853 mA
11.189    6.852 mA
11.305    6.852 mA
11.588    6.853 mA
11.705    6.853 mA
11.988    6.853 mA
12.105    6.853 mA
12.388    6.853 mA
12.504    6.853 mA
12.787    6.853 mA
12.904    6.853 mA
13.187    6.853 mA
13.303    6.853 mA
13.586    6.853 mA
13.703    6.853 mA
13.986    6.853 mA
14.103    6.853 mA
14.386    6.853 mA
14.502    6.853 mA
14.785    6.853 mA
14.902    6.853 mA
15.185    6.854 mA
15.301    6.854 mA
15.568    6.853 mA
15.684    6.853 mA
15.967    6.853 mA
16.084    6.853 mA
16.367    6.853 mA
16.484    6.853 mA
16.767    6.853 mA
16.883    6.853 mA
17.166    6.853 mA
17.283    6.853 mA
17.566    6.853 mA
17.699    6.853 mA
17.965    6.853 mA
18.099    6.853 mA
18.382    6.853 mA
18.498    6.853 mA
18.781    6.853 mA
18.898    6.853 mA
19.181    6.853 mA
19.297    6.853 mA
19.580    6.852 mA
19.697    6.852 mA
19.980    6.852 mA
20.097    6.852 mA
20.380    6.852 mA
20.496    6.852 mA
20.779    6.853 mA
20.896    6.853 mA
21.179    6.853 mA
21.295    6.853 mA
21.578    6.853 mA
21.695    6.853 mA
21.978    6.852 mA
22.095    6.852 mA
22.378    6.853 mA
22.494    6.853 mA
22.777    6.853 mA
22.894    6.853 mA
23.177    6.853 mA
23.293    6.853 mA
23.576    6.852 mA
23.693    6.852 mA
23.976    6.852 mA
24.092    6.852 mA
24.376    6.853 mA
24.492    6.853 mA
24.775    6.853 mA
24.892    6.853 mA
25.175    6.853 mA
