 0.300    2.499 mA
 0.416    2.499 mA
 0.699    2.498 mA
 0.816    2.498 mA
 1.099    2.498 mA
 1.216    2.498 mA
 1.499    2.498 mA
 1.615    2.498 mA
 1.898    2.498 mA
 2.015    2.498 mA
 2.298    2.498 mA
 2.414    2.498 mA
 2.697    2.498 mA
 2.814    2.498 mA
 3.097    2.498 mA
 3.214    2.498 mA
 3.496    2.498 mA
 3.613    2.498 mA
 3.896    2.498 mA
 4.013    2.498 mA
 4.296    2.498 mA
 4.412    2.498 mA
 4.695    2.498 mA
 4.812    2.498 mA
 5.095    2.498 mA
 5.228    2.498 mA
 5.694    8.416 mA
 5.811    8.416 mA
 6.094    8.418 mA
 6.211    8.418 mA
 6.494    8.420 mA
 6.610    8.420 mA
 6.893    8.421 mA
 7.010    8.421 mA
 7.293    8.421 mA
 7.409    8.421 mA
 7.692    8.421 mA
 7.809    8.421 mA
 8.109    8.421 mA
 8.225    8.421 mA
 8.591    7.113 mA
 8.708    7.113 mA
 8.991    7.120 mA
 9.108    7.120 mA
 9.391    7.120 mA
 9.507    7.120 mA
 9.790    7.120 mA
 9.907    7.120 mA
10.190    7.121 mA
10.306    7.121 mA
10.589    7.126 mA
10.706    7.126 mA
10.989    7.130 mA
11.106    7.130 mA
11.389    7.130 mA
11.505    7.130 mA
11.788    7.130 mA
11.905    7.130 mA
12.188    7.122 mA
12.304    7.122 mA
12.587    7.117 mA
12.704    7.117 mA
12.987    7.122 mA
13.104    7.122 mA
13.387    7.121 mA
13.503    7.121 mA
13.786    7.120 mA
13.903    7.120 mA
14.186    7.123 mA
14.302    7.123 mA
14.585    7.127 mA
14.702    7.127 mA
14.985    7.131 mA
15.102    7.131 mA
15.385    7.130 mA
15.501    7.130 mA
15.784    7.129 mA
15.901    7.129 mA
16.184    7.130 mA
16.300    7.130 mA
16.583    7.127 mA
16.700    7.127 mA
16.983    7.126 mA
17.100    7.126 mA
17.383    7.125 mA
17.516    7.125 mA
17.799    7.125 mA
17.915    7.125 mA
18.199    7.129 mA
18.315    7.129 mA
18.598    7.132 mA
18.715    7.132 mA
18.998    7.135 mA
19.114    7.135 mA
19.397    7.135 mA
19.514    7.135 mA
19.797    7.135 mA
19.913    7.135 mA
20.196    7.139 mA
20.313    7.139 mA
20.596    7.130 mA
20.713    7.130 mA
20.996    7.118 mA
21.112    7.118 mA
21.395    7.119 mA
21.512    7.119 mA
21.795    7.119 mA
21.911    7.119 mA
22.194    7.123 mA
22.328    7.123 mA
22.594    7.127 mA
22.711    7.127 mA
22.994    7.128 mA
23.110    7.128 mA
23.393    7.128 mA
23.510    7.128 mA
23.793    7.129 mA
23.909    7.129 mA
24.192    7.133 mA
24.309    7.133 mA
24.592    7.134 mA
24.708    7.134 mA
24.992    7.126 mA
25.108    7.126 mA
