 0.350    1.718 mA
 0.466    1.718 mA
 0.749    1.718 mA
 0.866    1.718 mA
 1.149    1.718 mA
 1.265    1.718 mA
 1.549    1.718 mA
 1.665    1.718 mA
 1.931    1.718 mA
 2.048    1.718 mA
 2.331    1.718 mA
 2.448    1.718 mA
 2.731    1.718 mA
 2.847    1.718 mA
 3.130    1.718 mA
 3.247    1.718 mA
 3.530    1.717 mA
 3.646    1.717 mA
 3.930    1.717 mA
 4.046    1.717 mA
 4.329    1.718 mA
 4.446    1.718 mA
 4.729    1.718 mA
 4.862    1.718 mA
 5.145    1.718 mA
 5.278    1.718 mA
 5.644    4.606 mA
 5.761    4.606 mA
 6.044    4.607 mA
 6.161    4.607 mA
 6.444    4.607 mA
 6.560    4.607 mA
 6.843    4.607 mA
 6.960    4.607 mA
 7.243    4.607 mA
 7.359    4.607 mA
 7.642    4.607 mA
 7.759    4.607 mA
 8.042    4.608 mA
 8.159    4.608 mA
 8.442    4.607 mA
 8.575    4.607 mA
 8.841    4.607 mA
 8.974    4.607 mA
 9.257    4.608 mA
 9.374    4.608 mA
 9.657    4.608 mA
 9.774    4.608 mA
10.057    4.608 mA
10.173    4.608 mA
10.456    4.609 mA
10.573    4.609 mA
10.856    4.608 mA
10.972    4.608 mA
11.156    4.175 mA
11.272    4.175 mA
11.555    4.176 mA
11.672    4.176 mA
11.955    4.176 mA
12.071    4.176 mA
12.354    4.177 mA
12.471    4.177 mA
12.754    4.177 mA
12.871    4.177 mA
13.153    4.173 mA
13.270    4.173 mA
13.553    4.173 mA
13.670    4.173 mA
13.953    4.176 mA
14.069    4.176 mA
14.352    4.177 mA
14.469    4.177 mA
14.752    4.178 mA
14.869    4.178 mA
15.152    4.176 mA
15.268    4.176 mA
15.551    4.176 mA
15.668    4.176 mA
15.951    4.179 mA
16.067    4.179 mA
16.350    4.181 mA
16.467    4.181 mA
16.750    4.182 mA
16.867    4.182 mA
17.150    4.174 mA
17.266    4.174 mA
17.549    4.166 mA
17.666    4.166 mA
17.949    4.172 mA
18.065    4.172 mA
18.348    4.173 mA
18.465    4.173 mA
18.748    4.172 mA
18.881    4.172 mA
19.148    4.172 mA
19.281    4.172 mA
19.564    4.171 mA
19.680    4.171 mA
19.963    4.175 mA
20.080    4.175 mA
20.363    4.175 mA
20.480    4.175 mA
20.763    4.174 mA
20.879    4.174 mA
21.162    4.174 mA
21.279    4.174 mA
21.562    4.171 mA
21.678    4.171 mA
21.945    4.174 mA
22.061    4.174 mA
22.344    4.175 mA
22.461    4.175 mA
22.744    4.174 mA
22.860    4.174 mA
23.143    4.175 mA
23.260    4.175 mA
23.543    4.174 mA
23.660    4.174 mA
23.943    4.176 mA
24.059    4.176 mA
24.342    4.177 mA
24.459    4.177 mA
24.742    4.177 mA
24.858    4.177 mA
25.142    4.178 mA
