 0.000    1.773 mA
 0.383    1.773 mA
 0.666    1.773 mA
 0.783    1.773 mA
 1.066    1.772 mA
 1.199    1.772 mA
 1.465    1.772 mA
 1.582    1.772 mA
 1.865    1.773 mA
 1.981    1.773 mA
 2.265    1.772 mA
 2.381    1.772 mA
 2.664    1.772 mA
 2.781    1.772 mA
 3.064    1.771 mA
 3.180    1.771 mA
 3.463    1.772 mA
 3.580    1.772 mA
 3.863    1.772 mA
 3.980    1.772 mA
 4.263    1.772 mA
 4.379    1.772 mA
 4.662    1.772 mA
 4.779    1.772 mA
 5.062    1.772 mA
 5.195    1.772 mA
 5.661    3.055 mA
 5.778    3.055 mA
 6.061    3.055 mA
 6.177    3.055 mA
 6.460    3.055 mA
 6.577    3.055 mA
 6.860    3.055 mA
 6.976    3.055 mA
 7.260    3.055 mA
 7.376    3.055 mA
 7.659    3.056 mA
 7.792    3.056 mA
 8.059    3.055 mA
 8.192    3.055 mA
 8.475    3.056 mA
 8.592    3.056 mA
 8.875    3.055 mA
 8.991    3.055 mA
 9.274    3.055 mA
 9.391    3.055 mA
 9.674    3.056 mA
 9.790    3.056 mA
10.073    3.056 mA
10.190    3.056 mA
10.456    3.056 mA
10.573    3.056 mA
10.873    3.055 mA
10.989    3.055 mA
11.272    3.055 mA
11.389    3.055 mA
11.672    3.055 mA
11.788    3.055 mA
12.071    3.055 mA
12.188    3.055 mA
12.454    3.055 mA
12.571    3.055 mA
12.871    3.055 mA
12.987    3.055 mA
13.270    3.055 mA
13.387    3.055 mA
13.670    3.056 mA
13.786    3.056 mA
14.069    3.056 mA
14.186    3.056 mA
14.452    3.056 mA
14.569    3.056 mA
14.869    3.056 mA
14.985    3.056 mA
15.268    3.055 mA
15.385    3.055 mA
15.668    3.054 mA
15.784    3.054 mA
16.067    3.055 mA
16.184    3.055 mA
16.450    3.055 mA
16.567    3.055 mA
16.867    3.055 mA
16.983    3.055 mA
17.266    3.055 mA
17.383    3.055 mA
17.666    3.056 mA
17.782    3.056 mA
18.065    3.056 mA
18.182    3.056 mA
18.448    3.056 mA
18.565    3.056 mA
18.864    3.055 mA
18.981    3.055 mA
19.264    3.055 mA
19.381    3.055 mA
19.664    3.055 mA
19.780    3.055 mA
20.063    3.056 mA
20.180    3.056 mA
20.446    3.055 mA
20.563    3.055 mA
20.863    3.055 mA
20.979    3.055 mA
21.262    3.055 mA
21.395    3.055 mA
21.578    2.514 mA
21.695    2.514 mA
21.978    2.514 mA
22.095    2.514 mA
22.378    2.514 mA
22.494    2.514 mA
22.777    2.514 mA
22.894    2.514 mA
23.177    2.514 mA
23.293    2.514 mA
23.576    2.514 mA
23.693    2.514 mA
23.976    2.514 mA
24.093    2.514 mA
24.376    2.513 mA
24.492    2.513 mA
24.775    2.513 mA
24.892    2.513 mA
25.175    2.513 mA
