 0.333    1.815 mA
 0.450    1.815 mA
 0.733    1.815 mA
 0.849    1.815 mA
 1.132    1.814 mA
 1.249    1.814 mA
 1.532    1.814 mA
 1.648    1.814 mA
 1.931    1.815 mA
 2.048    1.815 mA
 2.314    1.814 mA
 2.431    1.814 mA
 2.714    1.814 mA
 2.831    1.814 mA
 3.114    1.815 mA
 3.230    1.815 mA
 3.513    1.815 mA
 3.630    1.815 mA
 3.913    1.815 mA
 4.029    1.815 mA
 4.312    1.815 mA
 4.429    1.815 mA
 4.712    1.815 mA
 4.829    1.815 mA
 5.128    1.815 mA
 5.245    1.815 mA
 5.628    4.241 mA
 5.744    4.241 mA
 6.027    4.229 mA
 6.144    4.229 mA
 6.427    4.229 mA
 6.543    4.229 mA
 6.827    4.230 mA
 6.943    4.230 mA
 7.226    4.230 mA
 7.343    4.230 mA
 7.626    4.230 mA
 7.742    4.230 mA
 8.025    4.230 mA
 8.142    4.230 mA
 8.425    4.230 mA
 8.541    4.230 mA
 8.824    4.230 mA
 8.941    4.230 mA
 9.224    4.230 mA
 9.341    4.230 mA
 9.624    4.231 mA
 9.740    4.231 mA
10.023    4.230 mA
10.140    4.230 mA
10.423    4.230 mA
10.539    4.230 mA
10.823    4.230 mA
10.939    4.230 mA
11.222    4.230 mA
11.339    4.230 mA
11.622    4.230 mA
11.738    4.230 mA
12.021    4.230 mA
12.138    4.230 mA
12.421    4.230 mA
12.537    4.230 mA
12.821    4.230 mA
12.954    4.230 mA
13.420    3.882 mA
13.536    3.882 mA
13.819    3.882 mA
13.936    3.882 mA
14.219    3.883 mA
14.336    3.883 mA
14.619    3.882 mA
14.735    3.882 mA
15.002    3.882 mA
15.118    3.882 mA
15.401    3.883 mA
15.518    3.883 mA
15.801    3.883 mA
15.917    3.883 mA
16.200    3.883 mA
16.317    3.883 mA
16.600    3.882 mA
16.717    3.882 mA
17.000    3.883 mA
17.116    3.883 mA
17.399    3.883 mA
17.516    3.883 mA
17.799    3.883 mA
17.915    3.883 mA
18.199    3.882 mA
18.315    3.882 mA
18.598    3.882 mA
18.715    3.882 mA
18.998    3.882 mA
19.114    3.882 mA
19.397    3.883 mA
19.514    3.883 mA
19.797    3.883 mA
19.913    3.883 mA
20.213    3.883 mA
20.330    3.883 mA
20.613    3.883 mA
20.729    3.883 mA
21.012    3.882 mA
21.129    3.882 mA
21.412    3.882 mA
21.528    3.882 mA
21.812    3.883 mA
21.928    3.883 mA
22.211    3.883 mA
22.328    3.883 mA
22.611    3.883 mA
22.727    3.883 mA
23.010    3.882 mA
23.143    3.882 mA
23.427    3.883 mA
23.543    3.883 mA
23.826    3.883 mA
23.943    3.883 mA
24.226    3.883 mA
24.342    3.883 mA
24.625    3.883 mA
24.742    3.883 mA
25.025    3.883 mA
