 0.267    2.057 mA
 0.383    2.057 mA
 0.666    2.057 mA
 0.783    2.057 mA
 1.066    2.057 mA
 1.182    2.057 mA
 1.465    2.056 mA
 1.582    2.056 mA
 1.865    2.057 mA
 1.981    2.057 mA
 2.264    2.057 mA
 2.398    2.057 mA
 2.664    2.057 mA
 2.797    2.057 mA
 3.080    2.057 mA
 3.197    2.057 mA
 3.480    2.057 mA
 3.596    2.057 mA
 3.879    2.057 mA
 3.996    2.057 mA
 4.279    2.057 mA
 4.396    2.057 mA
 4.679    2.056 mA
 4.795    2.056 mA
 5.078    2.056 mA
 5.211    2.056 mA
 5.678    5.763 mA
 5.794    5.763 mA
 6.077    5.764 mA
 6.194    5.764 mA
 6.477    5.765 mA
 6.593    5.765 mA
 6.876    5.766 mA
 6.993    5.766 mA
 7.276    5.766 mA
 7.393    5.766 mA
 7.676    5.765 mA
 7.792    5.765 mA
 8.075    5.766 mA
 8.192    5.766 mA
 8.475    5.766 mA
 8.591    5.766 mA
 8.874    5.766 mA
 8.991    5.766 mA
 9.274    5.767 mA
 9.391    5.767 mA
 9.674    5.767 mA
 9.807    5.767 mA
10.090    5.767 mA
10.223    5.767 mA
10.673    4.670 mA
10.789    4.670 mA
11.072    4.670 mA
11.189    4.670 mA
11.472    4.670 mA
11.588    4.670 mA
11.872    4.669 mA
11.988    4.669 mA
12.271    4.670 mA
12.387    4.670 mA
12.671    4.670 mA
12.787    4.670 mA
13.070    4.670 mA
13.187    4.670 mA
13.453    4.669 mA
13.570    4.669 mA
13.853    4.669 mA
13.969    4.669 mA
14.252    4.669 mA
14.369    4.669 mA
14.652    4.669 mA
14.768    4.669 mA
15.051    4.670 mA
15.168    4.670 mA
15.451    4.670 mA
15.584    4.670 mA
15.851    4.670 mA
15.984    4.670 mA
16.267    4.670 mA
16.383    4.670 mA
16.666    4.670 mA
16.783    4.670 mA
17.066    4.670 mA
17.183    4.670 mA
17.466    4.669 mA
17.582    4.669 mA
17.865    4.669 mA
17.982    4.669 mA
18.265    4.670 mA
18.381    4.670 mA
18.681    4.670 mA
18.798    4.670 mA
19.081    4.669 mA
19.197    4.669 mA
19.497    4.670 mA
19.614    4.670 mA
19.880    4.670 mA
19.996    4.670 mA
20.279    4.670 mA
20.396    4.670 mA
20.679    4.670 mA
20.796    4.670 mA
21.079    4.670 mA
21.195    4.670 mA
21.478    4.670 mA
21.595    4.670 mA
21.878    4.670 mA
21.994    4.670 mA
22.277    4.671 mA
22.394    4.671 mA
22.677    4.670 mA
22.794    4.670 mA
23.077    4.669 mA
23.193    4.669 mA
23.476    4.670 mA
23.593    4.670 mA
23.876    4.670 mA
23.992    4.670 mA
24.275    4.670 mA
24.392    4.670 mA
24.675    4.669 mA
24.792    4.669 mA
25.075    4.670 mA
