 0.316    1.746 mA
 0.433    1.746 mA
 0.716    1.746 mA
 0.833    1.746 mA
 1.116    1.746 mA
 1.232    1.746 mA
 1.515    1.746 mA
 1.632    1.746 mA
 1.915    1.746 mA
 2.031    1.746 mA
 2.314    1.746 mA
 2.431    1.746 mA
 2.714    1.746 mA
 2.831    1.746 mA
 3.114    1.746 mA
 3.230    1.746 mA
 3.513    1.746 mA
 3.630    1.746 mA
 3.913    1.746 mA
 4.029    1.746 mA
 4.312    1.746 mA
 4.429    1.746 mA
 4.712    1.746 mA
 4.829    1.746 mA
 5.112    1.746 mA
 5.245    1.746 mA
 5.694    3.778 mA
 5.811    3.778 mA
 6.094    3.784 mA
 6.227    3.784 mA
 6.510    3.787 mA
 6.627    3.787 mA
 6.910    3.788 mA
 7.026    3.788 mA
 7.309    3.792 mA
 7.426    3.792 mA
 7.709    3.791 mA
 7.825    3.791 mA
 8.108    3.789 mA
 8.225    3.789 mA
 8.508    3.793 mA
 8.625    3.793 mA
 8.908    3.794 mA
 9.024    3.794 mA
 9.307    3.796 mA
 9.424    3.796 mA
 9.707    3.794 mA
 9.823    3.794 mA
10.107    3.790 mA
10.223    3.790 mA
10.506    3.792 mA
10.623    3.792 mA
10.906    3.793 mA
11.022    3.793 mA
11.305    3.794 mA
11.422    3.794 mA
11.705    3.796 mA
11.821    3.796 mA
12.104    3.796 mA
12.221    3.796 mA
12.504    3.798 mA
12.621    3.798 mA
12.904    3.799 mA
13.020    3.799 mA
13.303    3.799 mA
13.420    3.799 mA
13.703    3.800 mA
13.819    3.800 mA
14.103    3.794 mA
14.219    3.794 mA
14.502    3.791 mA
14.619    3.791 mA
14.885    3.793 mA
15.002    3.793 mA
15.285    3.793 mA
15.401    3.793 mA
15.684    3.795 mA
15.801    3.795 mA
16.084    3.795 mA
16.200    3.795 mA
16.484    3.795 mA
16.600    3.795 mA
16.883    3.798 mA
17.000    3.798 mA
17.283    3.798 mA
17.399    3.798 mA
17.682    3.800 mA
17.799    3.800 mA
18.082    3.798 mA
18.198    3.798 mA
18.482    3.795 mA
18.598    3.795 mA
18.881    3.797 mA
19.014    3.797 mA
19.281    3.798 mA
19.414    3.798 mA
19.697    3.799 mA
19.830    3.799 mA
20.113    3.800 mA
20.230    3.800 mA
20.513    3.801 mA
20.629    3.801 mA
20.912    3.803 mA
21.029    3.803 mA
21.312    3.803 mA
21.429    3.803 mA
21.712    3.803 mA
21.828    3.803 mA
22.111    3.802 mA
22.244    3.802 mA
22.694    3.012 mA
22.810    3.012 mA
23.094    3.011 mA
23.210    3.011 mA
23.493    3.011 mA
23.610    3.011 mA
23.893    3.011 mA
24.009    3.011 mA
24.292    3.011 mA
24.409    3.011 mA
24.692    3.012 mA
24.808    3.012 mA
25.092    3.012 mA
