 0.283    2.760 mA
 0.400    2.760 mA
 0.683    2.759 mA
 0.799    2.759 mA
 1.082    2.759 mA
 1.199    2.759 mA
 1.482    2.760 mA
 1.599    2.760 mA
 1.882    2.759 mA
 1.998    2.759 mA
 2.281    2.759 mA
 2.398    2.759 mA
 2.681    2.759 mA
 2.797    2.759 mA
 3.080    2.759 mA
 3.197    2.759 mA
 3.480    2.758 mA
 3.596    2.758 mA
 3.880    2.758 mA
 3.996    2.758 mA
 4.279    2.759 mA
 4.396    2.759 mA
 4.695    2.759 mA
 4.812    2.759 mA
 5.095    2.759 mA
 5.228    2.759 mA
 5.411    8.802 mA
 5.545    8.802 mA
 5.811    8.820 mA
 5.927    8.820 mA
 6.211    8.837 mA
 6.327    8.837 mA
 6.610    8.854 mA
 6.727    8.854 mA
 7.010    8.871 mA
 7.126    8.871 mA
 7.293    8.198 mA
 7.409    8.198 mA
 7.692    8.188 mA
 7.809    8.188 mA
 8.092    8.190 mA
 8.209    8.190 mA
 8.492    8.181 mA
 8.608    8.181 mA
 8.891    8.182 mA
 9.008    8.182 mA
 9.274    8.198 mA
 9.391    8.198 mA
 9.690    8.195 mA
 9.807    8.195 mA
10.107    8.191 mA
10.223    8.191 mA
10.589    8.394 mA
10.706    8.394 mA
10.989    8.845 mA
11.106    8.845 mA
11.389    8.845 mA
11.505    8.845 mA
11.788    8.843 mA
11.905    8.843 mA
12.188    8.842 mA
12.304    8.842 mA
12.588    8.841 mA
12.704    8.841 mA
12.987    8.841 mA
13.104    8.841 mA
13.387    8.842 mA
13.503    8.842 mA
13.786    8.841 mA
13.903    8.841 mA
14.186    8.840 mA
14.302    8.840 mA
14.586    8.841 mA
14.702    8.841 mA
14.985    8.841 mA
15.102    8.841 mA
15.385    8.841 mA
15.518    8.841 mA
15.784    8.841 mA
15.917    8.841 mA
16.200    8.840 mA
16.317    8.840 mA
16.600    8.841 mA
16.717    8.841 mA
17.000    8.842 mA
17.116    8.842 mA
17.399    8.842 mA
17.516    8.842 mA
17.799    8.842 mA
17.915    8.842 mA
18.198    8.841 mA
18.315    8.841 mA
18.598    8.842 mA
18.715    8.842 mA
18.998    8.842 mA
19.114    8.842 mA
19.397    8.842 mA
19.514    8.842 mA
19.780    8.841 mA
19.897    8.841 mA
20.197    8.841 mA
20.313    8.841 mA
20.596    8.841 mA
20.713    8.841 mA
20.996    8.842 mA
21.112    8.842 mA
21.395    8.843 mA
21.512    8.843 mA
21.778    8.843 mA
21.895    8.843 mA
22.195    8.843 mA
22.311    8.843 mA
22.594    8.844 mA
22.710    8.844 mA
22.994    8.844 mA
23.110    8.844 mA
23.393    8.843 mA
23.510    8.843 mA
23.776    8.843 mA
23.893    8.843 mA
24.193    8.843 mA
24.309    8.843 mA
24.592    8.843 mA
24.709    8.843 mA
24.992    8.844 mA
25.108    8.844 mA
25.391    8.843 mA
25.508    8.843 mA
25.774    8.844 mA
25.891    8.844 mA
26.190    8.844 mA
26.307    8.844 mA
26.590    8.844 mA
26.707    8.844 mA
26.990    8.844 mA
27.106    8.844 mA
27.389    8.843 mA
27.506    8.843 mA
27.772    8.843 mA
27.889    8.843 mA
28.188    8.843 mA
28.305    8.843 mA
28.588    8.844 mA
28.705    8.844 mA
28.988    8.844 mA
29.121    8.844 mA
29.387    8.842 mA
29.520    8.842 mA
29.787    8.840 mA
29.903    8.840 mA
30.203    8.841 mA
