 0.350    2.533 mA
 0.466    2.533 mA
 0.749    2.533 mA
 0.866    2.533 mA
 1.149    2.533 mA
 1.266    2.533 mA
 1.549    2.533 mA
 1.665    2.533 mA
 1.948    2.532 mA
 2.065    2.532 mA
 2.348    2.532 mA
 2.464    2.532 mA
 2.747    2.532 mA
 2.864    2.532 mA
 3.147    2.532 mA
 3.264    2.532 mA
 3.547    2.532 mA
 3.663    2.532 mA
 3.946    2.532 mA
 4.063    2.532 mA
 4.346    2.532 mA
 4.462    2.532 mA
 4.745    2.532 mA
 4.862    2.532 mA
 5.145    2.532 mA
 5.278    2.532 mA
 5.461    8.722 mA
 5.578    8.722 mA
 5.861    8.707 mA
 5.977    8.707 mA
 6.261    8.695 mA
 6.377    8.695 mA
 6.743    8.164 mA
 6.877    8.164 mA
 7.143    8.214 mA
 7.276    8.214 mA
 7.742    8.760 mA
 7.859    8.760 mA
 8.242    8.274 mA
 8.358    8.274 mA
 8.641    8.407 mA
 8.758    8.407 mA
 9.041    8.428 mA
 9.157    8.428 mA
 9.441    8.418 mA
 9.557    8.418 mA
 9.840    8.420 mA
 9.957    8.420 mA
10.240    8.428 mA
10.356    8.428 mA
10.639    8.435 mA
10.756    8.435 mA
11.039    8.433 mA
11.156    8.433 mA
11.439    8.441 mA
11.555    8.441 mA
11.838    8.441 mA
11.955    8.441 mA
12.238    8.445 mA
12.354    8.445 mA
12.637    8.431 mA
12.754    8.431 mA
13.037    8.416 mA
13.154    8.416 mA
13.437    8.426 mA
13.553    8.426 mA
13.836    8.411 mA
13.953    8.411 mA
14.219    8.408 mA
14.336    8.408 mA
14.635    8.420 mA
14.752    8.420 mA
15.035    8.414 mA
15.152    8.414 mA
15.435    8.404 mA
15.551    8.404 mA
15.834    8.408 mA
15.951    8.408 mA
16.217    8.429 mA
16.334    8.429 mA
16.634    8.412 mA
16.750    8.412 mA
17.033    8.408 mA
17.150    8.408 mA
17.433    8.437 mA
17.566    8.437 mA
17.832    8.426 mA
17.965    8.426 mA
18.232    8.430 mA
18.348    8.430 mA
18.648    8.430 mA
18.765    8.430 mA
19.048    8.423 mA
19.164    8.423 mA
19.447    8.432 mA
19.564    8.432 mA
19.847    8.422 mA
19.963    8.422 mA
20.230    8.419 mA
20.346    8.419 mA
20.646    8.418 mA
20.763    8.418 mA
21.046    8.402 mA
21.162    8.402 mA
21.445    8.414 mA
21.562    8.414 mA
21.845    8.434 mA
21.961    8.434 mA
22.228    8.433 mA
22.344    8.433 mA
22.644    8.426 mA
22.761    8.426 mA
23.044    8.416 mA
23.160    8.416 mA
23.443    8.422 mA
23.560    8.422 mA
23.843    8.428 mA
23.959    8.428 mA
24.226    8.432 mA
24.342    8.432 mA
24.642    8.429 mA
24.775    8.429 mA
24.958    8.395 mA
25.092    8.395 mA
25.458    7.963 mA
25.574    7.963 mA
25.857    8.095 mA
25.974    8.095 mA
26.340    8.396 mA
26.457    8.396 mA
26.740    8.361 mA
26.857    8.361 mA
27.140    8.344 mA
27.273    8.344 mA
27.456    8.338 mA
27.589    8.338 mA
28.039    8.340 mA
28.155    8.340 mA
28.438    8.335 mA
28.555    8.335 mA
28.838    8.330 mA
28.954    8.330 mA
29.237    8.330 mA
29.354    8.330 mA
29.637    8.330 mA
29.754    8.330 mA
30.037    8.331 mA
