 0.366    2.759 mA
 0.483    2.759 mA
 0.766    2.759 mA
 0.883    2.759 mA
 1.166    2.759 mA
 1.282    2.759 mA
 1.565    2.759 mA
 1.682    2.759 mA
 1.965    2.758 mA
 2.081    2.758 mA
 2.364    2.758 mA
 2.481    2.758 mA
 2.764    2.758 mA
 2.880    2.758 mA
 3.164    2.759 mA
 3.280    2.759 mA
 3.563    2.759 mA
 3.680    2.759 mA
 3.963    2.758 mA
 4.079    2.758 mA
 4.362    2.758 mA
 4.479    2.758 mA
 4.762    2.758 mA
 4.895    2.758 mA
 5.178    2.758 mA
 5.311    2.758 mA
 5.761    8.834 mA
 5.877    8.834 mA
 6.161    8.863 mA
 6.277    8.863 mA
 6.560    8.887 mA
 6.677    8.887 mA
 6.960    8.882 mA
 7.093    8.882 mA
 7.259    8.244 mA
 7.376    8.244 mA
 7.642    8.236 mA
 7.776    8.236 mA
 8.059    8.232 mA
 8.175    8.232 mA
 8.458    8.213 mA
 8.575    8.213 mA
 8.858    8.207 mA
 8.974    8.207 mA
 9.257    8.221 mA
 9.374    8.221 mA
 9.657    8.225 mA
 9.774    8.225 mA
10.057    8.221 mA
10.173    8.221 mA
10.456    8.217 mA
10.573    8.217 mA
10.872    8.176 mA
10.989    8.176 mA
11.355    8.840 mA
11.489    8.840 mA
11.755    8.842 mA
11.888    8.842 mA
12.171    8.843 mA
12.288    8.843 mA
12.571    8.841 mA
12.687    8.841 mA
12.970    8.838 mA
13.087    8.838 mA
13.370    8.839 mA
13.487    8.839 mA
13.770    8.839 mA
13.886    8.839 mA
14.169    8.839 mA
14.286    8.839 mA
14.569    8.839 mA
14.685    8.839 mA
14.968    8.838 mA
15.085    8.838 mA
15.368    8.839 mA
15.484    8.839 mA
15.767    8.840 mA
15.884    8.840 mA
16.167    8.840 mA
16.284    8.840 mA
16.567    8.839 mA
16.683    8.839 mA
16.966    8.839 mA
17.083    8.839 mA
17.366    8.840 mA
17.483    8.840 mA
17.749    8.840 mA
17.882    8.840 mA
18.148    8.840 mA
18.265    8.840 mA
18.548    8.839 mA
18.665    8.839 mA
18.948    8.839 mA
19.064    8.839 mA
19.347    8.839 mA
19.464    8.839 mA
19.747    8.839 mA
19.863    8.839 mA
20.146    8.840 mA
20.263    8.840 mA
20.546    8.840 mA
20.663    8.840 mA
20.946    8.840 mA
21.062    8.840 mA
21.345    8.841 mA
21.462    8.841 mA
21.745    8.842 mA
21.861    8.842 mA
22.161    8.842 mA
22.278    8.842 mA
22.561    8.841 mA
22.677    8.841 mA
22.960    8.840 mA
23.077    8.840 mA
23.360    8.840 mA
23.476    8.840 mA
23.760    8.841 mA
23.876    8.841 mA
24.159    8.842 mA
24.276    8.842 mA
24.559    8.842 mA
24.675    8.842 mA
24.958    8.841 mA
25.092    8.841 mA
25.375    8.842 mA
25.491    8.842 mA
25.774    8.843 mA
25.891    8.843 mA
26.174    8.843 mA
26.290    8.843 mA
26.573    8.842 mA
26.690    8.842 mA
26.973    8.841 mA
27.089    8.841 mA
27.373    8.842 mA
27.489    8.842 mA
27.772    8.842 mA
27.889    8.842 mA
28.172    8.842 mA
28.288    8.842 mA
28.571    8.841 mA
28.688    8.841 mA
28.971    8.842 mA
29.087    8.842 mA
29.371    8.841 mA
29.487    8.841 mA
29.770    8.839 mA
29.887    8.839 mA
30.170    8.839 mA
