 0.350    2.535 mA
 0.466    2.535 mA
 0.749    2.535 mA
 0.866    2.535 mA
 1.149    2.534 mA
 1.265    2.534 mA
 1.548    2.534 mA
 1.665    2.534 mA
 1.948    2.533 mA
 2.081    2.533 mA
 2.348    2.533 mA
 2.481    2.533 mA
 2.764    2.533 mA
 2.880    2.533 mA
 3.164    2.534 mA
 3.280    2.534 mA
 3.563    2.533 mA
 3.680    2.533 mA
 3.963    2.533 mA
 4.079    2.533 mA
 4.362    2.534 mA
 4.479    2.534 mA
 4.762    2.534 mA
 4.878    2.534 mA
 5.161    2.534 mA
 5.295    2.534 mA
 5.461    8.699 mA
 5.578    8.699 mA
 5.861    8.704 mA
 5.977    8.704 mA
 6.161    8.711 mA
 6.277    8.711 mA
 6.560    8.707 mA
 6.677    8.707 mA
 6.860    8.675 mA
 6.976    8.675 mA
 7.243    8.705 mA
 7.376    8.705 mA
 7.659    8.724 mA
 7.776    8.724 mA
 8.142    8.278 mA
 8.258    8.278 mA
 8.541    8.384 mA
 8.675    8.384 mA
 8.941    8.412 mA
 9.074    8.412 mA
 9.357    8.406 mA
 9.474    8.406 mA
 9.757    8.403 mA
 9.873    8.403 mA
10.156    8.412 mA
10.273    8.412 mA
10.556    8.417 mA
10.673    8.417 mA
10.956    8.412 mA
11.072    8.412 mA
11.355    8.424 mA
11.472    8.424 mA
11.755    8.418 mA
11.871    8.418 mA
12.154    8.422 mA
12.271    8.422 mA
12.554    8.416 mA
12.671    8.416 mA
12.954    8.398 mA
13.070    8.398 mA
13.353    8.409 mA
13.470    8.409 mA
13.753    8.395 mA
13.869    8.395 mA
14.152    8.390 mA
14.269    8.390 mA
14.552    8.396 mA
14.669    8.396 mA
14.952    8.391 mA
15.068    8.391 mA
15.351    8.385 mA
15.468    8.385 mA
15.734    8.381 mA
15.867    8.381 mA
16.134    8.401 mA
16.250    8.401 mA
16.533    8.403 mA
16.650    8.403 mA
16.933    8.394 mA
17.050    8.394 mA
17.333    8.414 mA
17.449    8.414 mA
17.732    8.411 mA
17.849    8.411 mA
18.132    8.408 mA
18.248    8.408 mA
18.531    8.407 mA
18.648    8.407 mA
18.931    8.403 mA
19.048    8.403 mA
19.331    8.419 mA
19.447    8.419 mA
19.730    8.410 mA
19.847    8.410 mA
20.130    8.399 mA
20.246    8.399 mA
20.546    8.404 mA
20.663    8.404 mA
20.946    8.392 mA
21.062    8.392 mA
21.345    8.398 mA
21.462    8.398 mA
21.745    8.412 mA
21.861    8.412 mA
22.144    8.409 mA
22.278    8.409 mA
22.544    8.407 mA
22.677    8.407 mA
22.960    8.395 mA
23.077    8.395 mA
23.360    8.393 mA
23.476    8.393 mA
23.759    8.404 mA
23.876    8.404 mA
24.159    8.417 mA
24.276    8.417 mA
24.559    8.421 mA
24.675    8.421 mA
24.958    8.399 mA
25.075    8.399 mA
25.358    8.397 mA
25.474    8.397 mA
25.758    8.407 mA
25.874    8.407 mA
26.157    8.396 mA
26.274    8.396 mA
26.573    8.381 mA
26.707    8.381 mA
27.139    8.329 mA
27.256    8.329 mA
27.539    8.332 mA
27.656    8.332 mA
27.939    8.364 mA
28.055    8.364 mA
28.338    8.358 mA
28.455    8.358 mA
28.738    8.323 mA
28.871    8.323 mA
29.154    8.333 mA
29.271    8.333 mA
29.554    8.334 mA
29.670    8.334 mA
29.953    8.334 mA
30.070    8.334 mA
