 0.000    2.537 mA
 0.400    2.537 mA
 0.516    2.537 mA
 0.799    2.536 mA
 0.916    2.536 mA
 1.182    2.536 mA
 1.299    2.536 mA
 1.598    2.536 mA
 1.715    2.536 mA
 1.998    2.536 mA
 2.115    2.536 mA
 2.398    2.537 mA
 2.514    2.537 mA
 2.797    2.536 mA
 2.914    2.536 mA
 3.180    2.536 mA
 3.297    2.536 mA
 3.597    2.536 mA
 3.713    2.536 mA
 3.996    2.536 mA
 4.113    2.536 mA
 4.396    2.536 mA
 4.512    2.536 mA
 4.795    2.536 mA
 4.912    2.536 mA
 5.195    2.536 mA
 5.328    2.536 mA
 5.711    8.681 mA
 5.828    8.681 mA
 6.011    8.641 mA
 6.127    8.641 mA
 6.410    8.689 mA
 6.527    8.689 mA
 6.677    8.584 mA
 6.810    8.584 mA
 7.093    8.722 mA
 7.210    8.722 mA
 7.593    8.170 mA
 7.726    8.170 mA
 8.209    8.488 mA
 8.325    8.488 mA
 8.608    8.400 mA
 8.725    8.400 mA
 9.008    8.404 mA
 9.124    8.404 mA
 9.407    8.393 mA
 9.524    8.393 mA
 9.807    8.387 mA
 9.923    8.387 mA
10.206    8.399 mA
10.323    8.399 mA
10.606    8.406 mA
10.723    8.406 mA
11.006    8.403 mA
11.122    8.403 mA
11.389    8.412 mA
11.505    8.412 mA
11.788    8.401 mA
11.905    8.401 mA
12.188    8.413 mA
12.304    8.413 mA
12.588    8.415 mA
12.704    8.415 mA
12.987    8.395 mA
13.103    8.395 mA
13.387    8.401 mA
13.503    8.401 mA
13.786    8.392 mA
13.903    8.392 mA
14.186    8.395 mA
14.303    8.395 mA
14.586    8.406 mA
14.702    8.406 mA
14.985    8.399 mA
15.102    8.399 mA
15.385    8.387 mA
15.501    8.387 mA
15.784    8.382 mA
15.901    8.382 mA
16.184    8.402 mA
16.300    8.402 mA
16.584    8.404 mA
16.700    8.404 mA
16.983    8.396 mA
17.116    8.396 mA
17.399    8.413 mA
17.516    8.413 mA
17.799    8.414 mA
17.915    8.414 mA
18.198    8.411 mA
18.315    8.411 mA
18.598    8.409 mA
18.715    8.409 mA
18.998    8.403 mA
19.114    8.403 mA
19.397    8.413 mA
19.514    8.413 mA
19.797    8.406 mA
19.913    8.406 mA
20.197    8.402 mA
20.313    8.402 mA
20.596    8.410 mA
20.713    8.410 mA
20.996    8.389 mA
21.112    8.389 mA
21.395    8.385 mA
21.512    8.385 mA
21.795    8.404 mA
21.911    8.404 mA
22.195    8.410 mA
22.311    8.410 mA
22.594    8.409 mA
22.711    8.409 mA
22.994    8.393 mA
23.110    8.393 mA
23.393    8.379 mA
23.510    8.379 mA
23.793    8.390 mA
23.909    8.390 mA
24.192    8.415 mA
24.309    8.415 mA
24.592    8.410 mA
24.709    8.410 mA
24.992    8.385 mA
25.108    8.385 mA
25.391    8.387 mA
25.508    8.387 mA
25.791    8.404 mA
25.907    8.404 mA
26.191    8.396 mA
26.307    8.396 mA
26.590    8.373 mA
26.707    8.373 mA
26.890    8.711 mA
27.006    8.711 mA
27.389    8.308 mA
27.506    8.308 mA
27.789    8.310 mA
27.922    8.310 mA
28.089    8.320 mA
28.205    8.320 mA
28.488    8.318 mA
28.605    8.318 mA
28.888    8.326 mA
29.004    8.326 mA
29.287    8.334 mA
29.404    8.334 mA
29.704    8.334 mA
29.820    8.334 mA
30.103    8.334 mA
