 0.317    2.534 mA
 0.433    2.534 mA
 0.716    2.534 mA
 0.833    2.534 mA
 1.116    2.534 mA
 1.249    2.534 mA
 1.515    2.533 mA
 1.632    2.533 mA
 1.932    2.534 mA
 2.048    2.534 mA
 2.331    2.534 mA
 2.448    2.534 mA
 2.731    2.534 mA
 2.847    2.534 mA
 3.130    2.534 mA
 3.247    2.534 mA
 3.513    2.534 mA
 3.630    2.534 mA
 3.930    2.534 mA
 4.046    2.534 mA
 4.329    2.534 mA
 4.446    2.534 mA
 4.729    2.534 mA
 4.845    2.534 mA
 5.128    2.533 mA
 5.261    2.533 mA
 5.644    8.740 mA
 5.761    8.740 mA
 6.127    8.172 mA
 6.244    8.172 mA
 6.527    8.190 mA
 6.644    8.190 mA
 6.927    8.175 mA
 7.060    8.175 mA
 7.326    8.190 mA
 7.443    8.190 mA
 7.726    8.218 mA
 7.859    8.218 mA
 8.025    8.374 mA
 8.142    8.374 mA
 8.425    8.394 mA
 8.541    8.394 mA
 8.825    8.418 mA
 8.941    8.418 mA
 9.224    8.419 mA
 9.341    8.419 mA
 9.624    8.404 mA
 9.740    8.404 mA
10.023    8.408 mA
10.140    8.408 mA
10.423    8.424 mA
10.540    8.424 mA
10.823    8.420 mA
10.939    8.420 mA
11.222    8.424 mA
11.339    8.424 mA
11.622    8.429 mA
11.738    8.429 mA
12.005    8.421 mA
12.121    8.421 mA
12.421    8.424 mA
12.538    8.424 mA
12.821    8.422 mA
12.937    8.422 mA
13.220    8.419 mA
13.337    8.419 mA
13.620    8.417 mA
13.736    8.417 mA
14.003    8.404 mA
14.119    8.404 mA
14.419    8.400 mA
14.536    8.400 mA
14.819    8.414 mA
14.935    8.414 mA
15.218    8.411 mA
15.335    8.411 mA
15.618    8.400 mA
15.734    8.400 mA
16.001    8.417 mA
16.117    8.417 mA
16.417    8.426 mA
16.534    8.426 mA
16.817    8.409 mA
16.933    8.409 mA
17.216    8.419 mA
17.333    8.419 mA
17.616    8.428 mA
17.732    8.428 mA
18.015    8.421 mA
18.132    8.421 mA
18.432    8.430 mA
18.548    8.430 mA
18.831    8.424 mA
18.948    8.424 mA
19.231    8.423 mA
19.347    8.423 mA
19.630    8.427 mA
19.747    8.427 mA
20.013    8.412 mA
20.130    8.412 mA
20.430    8.413 mA
20.546    8.413 mA
20.829    8.413 mA
20.946    8.413 mA
21.229    8.412 mA
21.345    8.412 mA
21.628    8.417 mA
21.745    8.417 mA
22.011    8.413 mA
22.128    8.413 mA
22.428    8.422 mA
22.544    8.422 mA
22.827    8.419 mA
22.944    8.419 mA
23.227    8.410 mA
23.343    8.410 mA
23.626    8.417 mA
23.743    8.417 mA
24.009    8.424 mA
24.126    8.424 mA
24.426    8.434 mA
24.542    8.434 mA
24.825    8.404 mA
24.942    8.404 mA
25.208    8.376 mA
25.341    8.376 mA
25.608    8.396 mA
25.724    8.396 mA
26.007    8.412 mA
26.124    8.412 mA
26.407    8.409 mA
26.523    8.409 mA
26.807    8.370 mA
26.923    8.370 mA
27.123    8.600 mA
27.239    8.600 mA
27.606    8.310 mA
27.722    8.310 mA
28.005    8.302 mA
28.122    8.302 mA
28.405    8.329 mA
28.521    8.329 mA
28.804    8.330 mA
28.921    8.330 mA
29.204    8.330 mA
29.321    8.330 mA
29.604    8.326 mA
29.720    8.326 mA
30.020    8.326 mA
