 0.200    2.765 mA
 0.483    2.765 mA
 0.600    2.765 mA
 0.883    2.765 mA
 0.999    2.765 mA
 1.282    2.765 mA
 1.399    2.765 mA
 1.682    2.765 mA
 1.798    2.765 mA
 2.081    2.765 mA
 2.198    2.765 mA
 2.498    2.765 mA
 2.614    2.765 mA
 2.897    2.765 mA
 3.014    2.765 mA
 3.297    2.765 mA
 3.413    2.765 mA
 3.696    2.765 mA
 3.813    2.765 mA
 4.096    2.765 mA
 4.229    2.765 mA
 4.496    2.764 mA
 4.629    2.764 mA
 4.912    2.764 mA
 5.028    2.764 mA
 5.311    8.686 mA
 5.428    8.686 mA
 5.711    8.753 mA
 5.828    8.753 mA
 6.111    8.830 mA
 6.227    8.830 mA
 6.510    8.843 mA
 6.627    8.843 mA
 6.910    8.844 mA
 7.026    8.844 mA
 7.193    8.173 mA
 7.309    8.173 mA
 7.593    8.176 mA
 7.709    8.176 mA
 7.992    8.178 mA
 8.109    8.178 mA
 8.392    8.164 mA
 8.508    8.164 mA
 8.791    8.160 mA
 8.908    8.160 mA
 9.191    8.165 mA
 9.307    8.165 mA
 9.590    8.166 mA
 9.707    8.166 mA
10.007    8.168 mA
10.123    8.168 mA
10.506    8.907 mA
10.623    8.907 mA
10.906    8.921 mA
11.022    8.921 mA
11.305    8.860 mA
11.422    8.860 mA
11.705    8.841 mA
11.822    8.841 mA
12.105    8.841 mA
12.221    8.841 mA
12.504    8.842 mA
12.621    8.842 mA
12.904    8.843 mA
13.020    8.843 mA
13.303    8.843 mA
13.420    8.843 mA
13.703    8.842 mA
13.820    8.842 mA
14.103    8.842 mA
14.219    8.842 mA
14.502    8.843 mA
14.619    8.843 mA
14.902    8.844 mA
15.018    8.844 mA
15.301    8.844 mA
15.418    8.844 mA
15.701    8.843 mA
15.818    8.843 mA
16.101    8.843 mA
16.217    8.843 mA
16.500    8.844 mA
16.617    8.844 mA
16.900    8.845 mA
17.016    8.845 mA
17.283    8.845 mA
17.416    8.845 mA
17.699    8.844 mA
17.816    8.844 mA
18.099    8.843 mA
18.215    8.843 mA
18.498    8.844 mA
18.615    8.844 mA
18.898    8.844 mA
19.014    8.844 mA
19.297    8.844 mA
19.414    8.844 mA
19.697    8.844 mA
19.814    8.844 mA
20.097    8.844 mA
20.213    8.844 mA
20.496    8.845 mA
20.613    8.845 mA
20.896    8.844 mA
21.012    8.844 mA
21.295    8.841 mA
21.412    8.841 mA
21.695    8.841 mA
21.812    8.841 mA
22.095    8.837 mA
22.211    8.837 mA
22.494    8.837 mA
22.611    8.837 mA
22.894    8.842 mA
23.010    8.842 mA
23.293    8.842 mA
23.410    8.842 mA
23.693    8.838 mA
23.810    8.838 mA
24.093    8.837 mA
24.209    8.837 mA
24.492    8.842 mA
24.609    8.842 mA
24.892    8.842 mA
25.008    8.842 mA
25.291    8.842 mA
25.408    8.842 mA
25.691    8.841 mA
25.808    8.841 mA
26.091    8.842 mA
26.207    8.842 mA
26.490    8.843 mA
26.607    8.843 mA
26.890    8.843 mA
27.006    8.843 mA
27.289    8.842 mA
27.406    8.842 mA
27.689    8.842 mA
27.806    8.842 mA
28.089    8.843 mA
28.205    8.843 mA
28.488    8.843 mA
28.605    8.843 mA
28.888    8.842 mA
29.004    8.842 mA
29.287    8.842 mA
29.404    8.842 mA
29.687    8.843 mA
29.804    8.843 mA
30.070    8.844 mA
