 0.233    2.764 mA
 0.516    2.765 mA
 0.633    2.765 mA
 0.916    2.765 mA
 1.032    2.765 mA
 1.315    2.765 mA
 1.432    2.765 mA
 1.715    2.764 mA
 1.832    2.764 mA
 2.115    2.764 mA
 2.231    2.764 mA
 2.514    2.764 mA
 2.631    2.764 mA
 2.914    2.764 mA
 3.030    2.764 mA
 3.313    2.764 mA
 3.430    2.764 mA
 3.713    2.764 mA
 3.830    2.764 mA
 4.113    2.763 mA
 4.229    2.763 mA
 4.512    2.763 mA
 4.629    2.763 mA
 4.912    2.764 mA
 5.028    2.764 mA
 5.328    3.453 mA
 5.445    3.453 mA
 5.811    8.870 mA
 5.928    8.870 mA
 6.211    8.848 mA
 6.327    8.848 mA
 6.610    8.848 mA
 6.727    8.848 mA
 7.010    8.865 mA
 7.126    8.865 mA
 7.309    8.208 mA
 7.426    8.208 mA
 7.709    8.205 mA
 7.826    8.205 mA
 8.109    8.210 mA
 8.225    8.210 mA
 8.508    8.197 mA
 8.625    8.197 mA
 8.908    8.193 mA
 9.024    8.193 mA
 9.307    8.215 mA
 9.424    8.215 mA
 9.707    8.216 mA
 9.824    8.216 mA
10.107    8.213 mA
10.240    8.213 mA
10.523    8.257 mA
10.639    8.257 mA
10.923    8.250 mA
11.056    8.250 mA
11.405    8.841 mA
11.522    8.841 mA
11.805    8.841 mA
11.922    8.841 mA
12.205    8.840 mA
12.321    8.840 mA
12.604    8.840 mA
12.721    8.840 mA
13.004    8.841 mA
13.120    8.841 mA
13.403    8.843 mA
13.537    8.843 mA
13.820    8.843 mA
13.936    8.843 mA
14.219    8.842 mA
14.336    8.842 mA
14.619    8.842 mA
14.735    8.842 mA
15.018    8.842 mA
15.135    8.842 mA
15.418    8.843 mA
15.534    8.843 mA
15.818    8.842 mA
15.934    8.842 mA
16.217    8.841 mA
16.334    8.841 mA
16.617    8.842 mA
16.733    8.842 mA
17.016    8.843 mA
17.133    8.843 mA
17.416    8.843 mA
17.533    8.843 mA
17.816    8.843 mA
17.932    8.843 mA
18.215    8.842 mA
18.332    8.842 mA
18.615    8.843 mA
18.731    8.843 mA
19.014    8.843 mA
19.131    8.843 mA
19.414    8.843 mA
19.531    8.843 mA
19.814    8.843 mA
19.930    8.843 mA
20.213    8.842 mA
20.330    8.842 mA
20.613    8.843 mA
20.729    8.843 mA
21.012    8.842 mA
21.129    8.842 mA
21.412    8.840 mA
21.529    8.840 mA
21.812    8.840 mA
21.928    8.840 mA
22.211    8.839 mA
22.328    8.839 mA
22.611    8.840 mA
22.727    8.840 mA
23.010    8.840 mA
23.127    8.840 mA
23.410    8.840 mA
23.527    8.840 mA
23.810    8.839 mA
23.926    8.839 mA
24.209    8.839 mA
24.326    8.839 mA
24.609    8.840 mA
24.725    8.840 mA
25.008    8.841 mA
25.125    8.841 mA
25.408    8.840 mA
25.525    8.840 mA
25.808    8.839 mA
25.924    8.839 mA
26.207    8.840 mA
26.324    8.840 mA
26.607    8.841 mA
26.723    8.841 mA
27.006    8.841 mA
27.123    8.841 mA
27.406    8.841 mA
27.522    8.841 mA
27.806    8.840 mA
27.922    8.840 mA
28.205    8.840 mA
28.322    8.840 mA
28.605    8.841 mA
28.721    8.841 mA
29.004    8.841 mA
29.121    8.841 mA
29.404    8.841 mA
29.521    8.841 mA
29.804    8.840 mA
29.920    8.840 mA
30.203    8.841 mA
